*** Using Compiler 'V6.21', folder: 'C:\Keil_v5\ARM\ARMCLANG\Bin'
Build target 'stm32F407_study'
../Core/Src/main.c(21): warning: In file included from...../Middlewares/Third_Party/FreeRTOS/Source/CMSIS_RTOS_V2\cmsis_os.h(126): warning: In file included from...../Middlewares/Third_Party/FreeRTOS/Source/include\FreeRTOS.h(62): warning: In file included from...../Middlewares/Third_Party/FreeRTOS/Source/include/portable.h(52): warning: In file included from...../Middlewares/Third_Party/FreeRTOS/Source/portable/RVDS/ARM_CM4F\portmacro.h(167): error: unknown type name '__forceinline'
  167 | static portFORCE_INLINE void vPortSetBASEPRI( uint32_t ulBASEPRI )
      |        ^
../Middlewares/Third_Party/FreeRTOS/Source/portable/RVDS/ARM_CM4F\portmacro.h(162): note: expanded from macro 'portFORCE_INLINE'
  162 |         #define portFORCE_INLINE __forceinline
      |                                  ^
../Middlewares/Third_Party/FreeRTOS/Source/portable/RVDS/ARM_CM4F\portmacro.h(170): error: expected 'volatile', 'inline', 'goto', or '('
  170 |         {
      |         ^
../Middlewares/Third_Party/FreeRTOS/Source/portable/RVDS/ARM_CM4F\portmacro.h(178): error: unknown type name '__forceinline'
  178 | static portFORCE_INLINE void vPortRaiseBASEPRI( void )
      |        ^
../Middlewares/Third_Party/FreeRTOS/Source/portable/RVDS/ARM_CM4F\portmacro.h(162): note: expanded from macro 'portFORCE_INLINE'
  162 |         #define portFORCE_INLINE __forceinline
      |                                  ^
../Middlewares/Third_Party/FreeRTOS/Source/portable/RVDS/ARM_CM4F\portmacro.h(183): error: expected 'volatile', 'inline', 'goto', or '('
  183 |         {
      |         ^
../Middlewares/Third_Party/FreeRTOS/Source/portable/RVDS/ARM_CM4F\portmacro.h(193): error: unknown type name '__forceinline'
  193 | static portFORCE_INLINE void vPortClearBASEPRIFromISR( void )
      |        ^
../Middlewares/Third_Party/FreeRTOS/Source/portable/RVDS/ARM_CM4F\portmacro.h(162): note: expanded from macro 'portFORCE_INLINE'
  162 |         #define portFORCE_INLINE __forceinline
      |                                  ^
../Middlewares/Third_Party/FreeRTOS/Source/portable/RVDS/ARM_CM4F\portmacro.h(196): error: expected 'volatile', 'inline', 'goto', or '('
  196 |         {
      |         ^
../Middlewares/Third_Party/FreeRTOS/Source/portable/RVDS/ARM_CM4F\portmacro.h(205): error: unknown type name '__forceinline'
  205 | static portFORCE_INLINE uint32_t ulPortRaiseBASEPRI( void )
      |        ^
../Middlewares/Third_Party/FreeRTOS/Source/portable/RVDS/ARM_CM4F\portmacro.h(162): note: expanded from macro 'portFORCE_INLINE'
  162 |         #define portFORCE_INLINE __forceinline
      |                                  ^
../Middlewares/Third_Party/FreeRTOS/Source/portable/RVDS/ARM_CM4F\portmacro.h(205): error: expected ';' after top level declarator
  205 | static portFORCE_INLINE uint32_t ulPortRaiseBASEPRI( void )
      |                                 ^
      |                                 ;
../Middlewares/Third_Party/FreeRTOS/Source/portable/RVDS/ARM_CM4F\portmacro.h(223): error: unknown type name '__forceinline'
  223 | static portFORCE_INLINE BaseType_t xPortIsInsideInterrupt( void )
      |        ^
../Middlewares/Third_Party/FreeRTOS/Source/portable/RVDS/ARM_CM4F\portmacro.h(162): note: expanded from macro 'portFORCE_INLINE'
  162 |         #define portFORCE_INLINE __forceinline
      |                                  ^
../Middlewares/Third_Party/FreeRTOS/Source/portable/RVDS/ARM_CM4F\portmacro.h(223): error: expected ';' after top level declarator
  223 | static portFORCE_INLINE BaseType_t xPortIsInsideInterrupt( void )
      |                                   ^
      |                                   ;
../Core/Src/main.c(122): error: use of undeclared identifier 'htim6'
  122 |   HAL_TIM_Base_Start_IT(&htim6);//T=1s
      |                          ^
11 errors generated.
compiling main.c...
compiling usart.c...
compiling stm32f4xx_hal_flash_ramfunc.c...
compiling i2c.c...
compiling stm32f4xx_hal_flash_ex.c...
compiling gpio.c...
compiling tim.c...
compiling stm32f4xx_it.c...
compiling stm32f4xx_hal_timebase_tim.c...
compiling dma.c...
../Core/Src/freertos.c(21): warning: In file included from...../Middlewares/Third_Party/FreeRTOS/Source/include\FreeRTOS.h(62): warning: In file included from...../Middlewares/Third_Party/FreeRTOS/Source/include/portable.h(52): warning: In file included from...../Middlewares/Third_Party/FreeRTOS/Source/portable/RVDS/ARM_CM4F\portmacro.h(167): error: unknown type name '__forceinline'
  167 | static portFORCE_INLINE void vPortSetBASEPRI( uint32_t ulBASEPRI )
      |        ^
../Middlewares/Third_Party/FreeRTOS/Source/portable/RVDS/ARM_CM4F\portmacro.h(162): note: expanded from macro 'portFORCE_INLINE'
  162 |         #define portFORCE_INLINE __forceinline
      |                                  ^
../Middlewares/Third_Party/FreeRTOS/Source/portable/RVDS/ARM_CM4F\portmacro.h(170): error: expected 'volatile', 'inline', 'goto', or '('
  170 |         {
      |         ^
../Middlewares/Third_Party/FreeRTOS/Source/portable/RVDS/ARM_CM4F\portmacro.h(178): error: unknown type name '__forceinline'
  178 | static portFORCE_INLINE void vPortRaiseBASEPRI( void )
      |        ^
../Middlewares/Third_Party/FreeRTOS/Source/portable/RVDS/ARM_CM4F\portmacro.h(162): note: expanded from macro 'portFORCE_INLINE'
  162 |         #define portFORCE_INLINE __forceinline
      |                                  ^
../Middlewares/Third_Party/FreeRTOS/Source/portable/RVDS/ARM_CM4F\portmacro.h(183): error: expected 'volatile', 'inline', 'goto', or '('
  183 |         {
      |         ^
../Middlewares/Third_Party/FreeRTOS/Source/portable/RVDS/ARM_CM4F\portmacro.h(193): error: unknown type name '__forceinline'
  193 | static portFORCE_INLINE void vPortClearBASEPRIFromISR( void )
      |        ^
../Middlewares/Third_Party/FreeRTOS/Source/portable/RVDS/ARM_CM4F\portmacro.h(162): note: expanded from macro 'portFORCE_INLINE'
  162 |         #define portFORCE_INLINE __forceinline
      |                                  ^
../Middlewares/Third_Party/FreeRTOS/Source/portable/RVDS/ARM_CM4F\portmacro.h(196): error: expected 'volatile', 'inline', 'goto', or '('
  196 |         {
      |         ^
../Middlewares/Third_Party/FreeRTOS/Source/portable/RVDS/ARM_CM4F\portmacro.h(205): error: unknown type name '__forceinline'
  205 | static portFORCE_INLINE uint32_t ulPortRaiseBASEPRI( void )
      |        ^
../Middlewares/Third_Party/FreeRTOS/Source/portable/RVDS/ARM_CM4F\portmacro.h(162): note: expanded from macro 'portFORCE_INLINE'
  162 |         #define portFORCE_INLINE __forceinline
      |                                  ^
../Middlewares/Third_Party/FreeRTOS/Source/portable/RVDS/ARM_CM4F\portmacro.h(205): error: expected ';' after top level declarator
  205 | static portFORCE_INLINE uint32_t ulPortRaiseBASEPRI( void )
      |                                 ^
      |                                 ;
../Middlewares/Third_Party/FreeRTOS/Source/portable/RVDS/ARM_CM4F\portmacro.h(223): error: unknown type name '__forceinline'
  223 | static portFORCE_INLINE BaseType_t xPortIsInsideInterrupt( void )
      |        ^
../Middlewares/Third_Party/FreeRTOS/Source/portable/RVDS/ARM_CM4F\portmacro.h(162): note: expanded from macro 'portFORCE_INLINE'
  162 |         #define portFORCE_INLINE __forceinline
      |                                  ^
../Middlewares/Third_Party/FreeRTOS/Source/portable/RVDS/ARM_CM4F\portmacro.h(223): error: expected ';' after top level declarator
  223 | static portFORCE_INLINE BaseType_t xPortIsInsideInterrupt( void )
      |                                   ^
      |                                   ;
10 errors generated.
compiling freertos.c...
compiling stm32f4xx_hal_msp.c...
compiling stm32f4xx_hal_flash.c...
compiling stm32f4xx_hal_rcc_ex.c...
assembling startup_stm32f407xx.s...
compiling stm32f4xx_hal_rcc.c...
compiling stm32f4xx_hal_dma_ex.c...
compiling stm32f4xx_hal_gpio.c...
compiling stm32f4xx_hal_pwr.c...
compiling stm32f4xx_hal_pwr_ex.c...
compiling stm32f4xx_hal_i2c_ex.c...
compiling stm32f4xx_hal.c...
compiling stm32f4xx_hal_exti.c...
compiling stm32f4xx_hal_dma.c...
compiling stm32f4xx_hal_cortex.c...
compiling motor.c...
compiling sys.c...
../MY/contor/contor.c(80): error: use of undeclared identifier 'htim6'
   80 |     else if (htim == (&htim6))
      |                        ^
1 error generated.
compiling contor.c...
../Middlewares/Third_Party/FreeRTOS/Source/list.c(30): warning: In file included from...../Middlewares/Third_Party/FreeRTOS/Source/include\FreeRTOS.h(62): warning: In file included from...../Middlewares/Third_Party/FreeRTOS/Source/include/portable.h(52): warning: In file included from...../Middlewares/Third_Party/FreeRTOS/Source/portable/RVDS/ARM_CM4F\portmacro.h(167): error: unknown type name '__forceinline'
  167 | static portFORCE_INLINE void vPortSetBASEPRI( uint32_t ulBASEPRI )
      |        ^
../Middlewares/Third_Party/FreeRTOS/Source/portable/RVDS/ARM_CM4F\portmacro.h(162): note: expanded from macro 'portFORCE_INLINE'
  162 |         #define portFORCE_INLINE __forceinline
      |                                  ^
../Middlewares/Third_Party/FreeRTOS/Source/portable/RVDS/ARM_CM4F\portmacro.h(170): error: expected 'volatile', 'inline', 'goto', or '('
  170 |         {
      |         ^
../Middlewares/Third_Party/FreeRTOS/Source/portable/RVDS/ARM_CM4F\portmacro.h(178): error: unknown type name '__forceinline'
  178 | static portFORCE_INLINE void vPortRaiseBASEPRI( void )
      |        ^
../Middlewares/Third_Party/FreeRTOS/Source/portable/RVDS/ARM_CM4F\portmacro.h(162): note: expanded from macro 'portFORCE_INLINE'
  162 |         #define portFORCE_INLINE __forceinline
      |                                  ^
../Middlewares/Third_Party/FreeRTOS/Source/portable/RVDS/ARM_CM4F\portmacro.h(183): error: expected 'volatile', 'inline', 'goto', or '('
  183 |         {
      |         ^
../Middlewares/Third_Party/FreeRTOS/Source/portable/RVDS/ARM_CM4F\portmacro.h(193): error: unknown type name '__forceinline'
  193 | static portFORCE_INLINE void vPortClearBASEPRIFromISR( void )
      |        ^
../Middlewares/Third_Party/FreeRTOS/Source/portable/RVDS/ARM_CM4F\portmacro.h(162): note: expanded from macro 'portFORCE_INLINE'
  162 |         #define portFORCE_INLINE __forceinline
      |                                  ^
../Middlewares/Third_Party/FreeRTOS/Source/portable/RVDS/ARM_CM4F\portmacro.h(196): error: expected 'volatile', 'inline', 'goto', or '('
  196 |         {
      |         ^
../Middlewares/Third_Party/FreeRTOS/Source/portable/RVDS/ARM_CM4F\portmacro.h(205): error: unknown type name '__forceinline'
  205 | static portFORCE_INLINE uint32_t ulPortRaiseBASEPRI( void )
      |        ^
../Middlewares/Third_Party/FreeRTOS/Source/portable/RVDS/ARM_CM4F\portmacro.h(162): note: expanded from macro 'portFORCE_INLINE'
  162 |         #define portFORCE_INLINE __forceinline
      |                                  ^
../Middlewares/Third_Party/FreeRTOS/Source/portable/RVDS/ARM_CM4F\portmacro.h(205): error: expected ';' after top level declarator
  205 | static portFORCE_INLINE uint32_t ulPortRaiseBASEPRI( void )
      |                                 ^
      |                                 ;
../Middlewares/Third_Party/FreeRTOS/Source/portable/RVDS/ARM_CM4F\portmacro.h(223): error: unknown type name '__forceinline'
  223 | static portFORCE_INLINE BaseType_t xPortIsInsideInterrupt( void )
      |        ^
../Middlewares/Third_Party/FreeRTOS/Source/portable/RVDS/ARM_CM4F\portmacro.h(162): note: expanded from macro 'portFORCE_INLINE'
  162 |         #define portFORCE_INLINE __forceinline
      |                                  ^
../Middlewares/Third_Party/FreeRTOS/Source/portable/RVDS/ARM_CM4F\portmacro.h(223): error: expected ';' after top level declarator
  223 | static portFORCE_INLINE BaseType_t xPortIsInsideInterrupt( void )
      |                                   ^
      |                                   ;
10 errors generated.
compiling list.c...
../Middlewares/Third_Party/FreeRTOS/Source/croutine.c(28): warning: In file included from...../Middlewares/Third_Party/FreeRTOS/Source/include\FreeRTOS.h(62): warning: In file included from...../Middlewares/Third_Party/FreeRTOS/Source/include/portable.h(52): warning: In file included from...../Middlewares/Third_Party/FreeRTOS/Source/portable/RVDS/ARM_CM4F\portmacro.h(167): error: unknown type name '__forceinline'
  167 | static portFORCE_INLINE void vPortSetBASEPRI( uint32_t ulBASEPRI )
      |        ^
../Middlewares/Third_Party/FreeRTOS/Source/portable/RVDS/ARM_CM4F\portmacro.h(162): note: expanded from macro 'portFORCE_INLINE'
  162 |         #define portFORCE_INLINE __forceinline
      |                                  ^
../Middlewares/Third_Party/FreeRTOS/Source/portable/RVDS/ARM_CM4F\portmacro.h(170): error: expected 'volatile', 'inline', 'goto', or '('
  170 |         {
      |         ^
../Middlewares/Third_Party/FreeRTOS/Source/portable/RVDS/ARM_CM4F\portmacro.h(178): error: unknown type name '__forceinline'
  178 | static portFORCE_INLINE void vPortRaiseBASEPRI( void )
      |        ^
../Middlewares/Third_Party/FreeRTOS/Source/portable/RVDS/ARM_CM4F\portmacro.h(162): note: expanded from macro 'portFORCE_INLINE'
  162 |         #define portFORCE_INLINE __forceinline
      |                                  ^
../Middlewares/Third_Party/FreeRTOS/Source/portable/RVDS/ARM_CM4F\portmacro.h(183): error: expected 'volatile', 'inline', 'goto', or '('
  183 |         {
      |         ^
../Middlewares/Third_Party/FreeRTOS/Source/portable/RVDS/ARM_CM4F\portmacro.h(193): error: unknown type name '__forceinline'
  193 | static portFORCE_INLINE void vPortClearBASEPRIFromISR( void )
      |        ^
../Middlewares/Third_Party/FreeRTOS/Source/portable/RVDS/ARM_CM4F\portmacro.h(162): note: expanded from macro 'portFORCE_INLINE'
  162 |         #define portFORCE_INLINE __forceinline
      |                                  ^
../Middlewares/Third_Party/FreeRTOS/Source/portable/RVDS/ARM_CM4F\portmacro.h(196): error: expected 'volatile', 'inline', 'goto', or '('
  196 |         {
      |         ^
../Middlewares/Third_Party/FreeRTOS/Source/portable/RVDS/ARM_CM4F\portmacro.h(205): error: unknown type name '__forceinline'
  205 | static portFORCE_INLINE uint32_t ulPortRaiseBASEPRI( void )
      |        ^
../Middlewares/Third_Party/FreeRTOS/Source/portable/RVDS/ARM_CM4F\portmacro.h(162): note: expanded from macro 'portFORCE_INLINE'
  162 |         #define portFORCE_INLINE __forceinline
      |                                  ^
../Middlewares/Third_Party/FreeRTOS/Source/portable/RVDS/ARM_CM4F\portmacro.h(205): error: expected ';' after top level declarator
  205 | static portFORCE_INLINE uint32_t ulPortRaiseBASEPRI( void )
      |                                 ^
      |                                 ;
../Middlewares/Third_Party/FreeRTOS/Source/portable/RVDS/ARM_CM4F\portmacro.h(223): error: unknown type name '__forceinline'
  223 | static portFORCE_INLINE BaseType_t xPortIsInsideInterrupt( void )
      |        ^
../Middlewares/Third_Party/FreeRTOS/Source/portable/RVDS/ARM_CM4F\portmacro.h(162): note: expanded from macro 'portFORCE_INLINE'
  162 |         #define portFORCE_INLINE __forceinline
      |                                  ^
../Middlewares/Third_Party/FreeRTOS/Source/portable/RVDS/ARM_CM4F\portmacro.h(223): error: expected ';' after top level declarator
  223 | static portFORCE_INLINE BaseType_t xPortIsInsideInterrupt( void )
      |                                   ^
      |                                   ;
10 errors generated.
compiling croutine.c...
compiling system.c...
compiling system_stm32f4xx.c...
../Middlewares/Third_Party/FreeRTOS/Source/event_groups.c(37): warning: In file included from...../Middlewares/Third_Party/FreeRTOS/Source/include\FreeRTOS.h(62): warning: In file included from...../Middlewares/Third_Party/FreeRTOS/Source/include/portable.h(52): warning: In file included from...../Middlewares/Third_Party/FreeRTOS/Source/portable/RVDS/ARM_CM4F\portmacro.h(167): error: unknown type name '__forceinline'
  167 | static portFORCE_INLINE void vPortSetBASEPRI( uint32_t ulBASEPRI )
      |        ^
../Middlewares/Third_Party/FreeRTOS/Source/portable/RVDS/ARM_CM4F\portmacro.h(162): note: expanded from macro 'portFORCE_INLINE'
  162 |         #define portFORCE_INLINE __forceinline
      |                                  ^
../Middlewares/Third_Party/FreeRTOS/Source/portable/RVDS/ARM_CM4F\portmacro.h(170): error: expected 'volatile', 'inline', 'goto', or '('
  170 |         {
      |         ^
../Middlewares/Third_Party/FreeRTOS/Source/portable/RVDS/ARM_CM4F\portmacro.h(178): error: unknown type name '__forceinline'
  178 | static portFORCE_INLINE void vPortRaiseBASEPRI( void )
      |        ^
../Middlewares/Third_Party/FreeRTOS/Source/portable/RVDS/ARM_CM4F\portmacro.h(162): note: expanded from macro 'portFORCE_INLINE'
  162 |         #define portFORCE_INLINE __forceinline
      |                                  ^
../Middlewares/Third_Party/FreeRTOS/Source/portable/RVDS/ARM_CM4F\portmacro.h(183): error: expected 'volatile', 'inline', 'goto', or '('
  183 |         {
      |         ^
../Middlewares/Third_Party/FreeRTOS/Source/portable/RVDS/ARM_CM4F\portmacro.h(193): error: unknown type name '__forceinline'
  193 | static portFORCE_INLINE void vPortClearBASEPRIFromISR( void )
      |        ^
../Middlewares/Third_Party/FreeRTOS/Source/portable/RVDS/ARM_CM4F\portmacro.h(162): note: expanded from macro 'portFORCE_INLINE'
  162 |         #define portFORCE_INLINE __forceinline
      |                                  ^
../Middlewares/Third_Party/FreeRTOS/Source/portable/RVDS/ARM_CM4F\portmacro.h(196): error: expected 'volatile', 'inline', 'goto', or '('
  196 |         {
      |         ^
../Middlewares/Third_Party/FreeRTOS/Source/portable/RVDS/ARM_CM4F\portmacro.h(205): error: unknown type name '__forceinline'
  205 | static portFORCE_INLINE uint32_t ulPortRaiseBASEPRI( void )
      |        ^
../Middlewares/Third_Party/FreeRTOS/Source/portable/RVDS/ARM_CM4F\portmacro.h(162): note: expanded from macro 'portFORCE_INLINE'
  162 |         #define portFORCE_INLINE __forceinline
      |                                  ^
../Middlewares/Third_Party/FreeRTOS/Source/portable/RVDS/ARM_CM4F\portmacro.h(205): error: expected ';' after top level declarator
  205 | static portFORCE_INLINE uint32_t ulPortRaiseBASEPRI( void )
      |                                 ^
      |                                 ;
../Middlewares/Third_Party/FreeRTOS/Source/portable/RVDS/ARM_CM4F\portmacro.h(223): error: unknown type name '__forceinline'
  223 | static portFORCE_INLINE BaseType_t xPortIsInsideInterrupt( void )
      |        ^
../Middlewares/Third_Party/FreeRTOS/Source/portable/RVDS/ARM_CM4F\portmacro.h(162): note: expanded from macro 'portFORCE_INLINE'
  162 |         #define portFORCE_INLINE __forceinline
      |                                  ^
../Middlewares/Third_Party/FreeRTOS/Source/portable/RVDS/ARM_CM4F\portmacro.h(223): error: expected ';' after top level declarator
  223 | static portFORCE_INLINE BaseType_t xPortIsInsideInterrupt( void )
      |                                   ^
      |                                   ;
../Middlewares/Third_Party/FreeRTOS/Source/event_groups.c(255): error: call to undeclared function '__dsb'; ISO C99 and later do not support implicit function declarations [-Wimplicit-function-declaration]
  255 |                         portYIELD_WITHIN_API();
      |                         ^
../Middlewares/Third_Party/FreeRTOS/Source/include\FreeRTOS.h(746): note: expanded from macro 'portYIELD_WITHIN_API'
  746 |         #define portYIELD_WITHIN_API portYIELD
      |                                      ^
../Middlewares/Third_Party/FreeRTOS/Source/portable/RVDS/ARM_CM4F\portmacro.h(90): note: expanded from macro 'portYIELD'
   90 |         __dsb( portSY_FULL_READ_WRITE );                                                                                        \
      |         ^
../Middlewares/Third_Party/FreeRTOS/Source/event_groups.c(255): error: call to undeclared function '__isb'; ISO C99 and later do not support implicit function declarations [-Wimplicit-function-declaration]
../Middlewares/Third_Party/FreeRTOS/Source/include\FreeRTOS.h(746): note: expanded from macro 'portYIELD_WITHIN_API'
  746 |         #define portYIELD_WITHIN_API portYIELD
      |                                      ^
../Middlewares/Third_Party/FreeRTOS/Source/portable/RVDS/ARM_CM4F\portmacro.h(91): note: expanded from macro 'portYIELD'
   91 |         __isb( portSY_FULL_READ_WRITE );                                                                                        \
      |         ^
../Middlewares/Third_Party/FreeRTOS/Source/event_groups.c(403): error: call to undeclared function '__dsb'; ISO C99 and later do not support implicit function declarations [-Wimplicit-function-declaration]
  403 |                         portYIELD_WITHIN_API();
      |                         ^
../Middlewares/Third_Party/FreeRTOS/Source/include\FreeRTOS.h(746): note: expanded from macro 'portYIELD_WITHIN_API'
  746 |         #define portYIELD_WITHIN_API portYIELD
      |                                      ^
../Middlewares/Third_Party/FreeRTOS/Source/portable/RVDS/ARM_CM4F\portmacro.h(90): note: expanded from macro 'portYIELD'
   90 |         __dsb( portSY_FULL_READ_WRITE );                                                                                        \
      |         ^
../Middlewares/Third_Party/FreeRTOS/Source/event_groups.c(403): error: call to undeclared function '__isb'; ISO C99 and later do not support implicit function declarations [-Wimplicit-function-declaration]
../Middlewares/Third_Party/FreeRTOS/Source/include\FreeRTOS.h(746): note: expanded from macro 'portYIELD_WITHIN_API'
  746 |         #define portYIELD_WITHIN_API portYIELD
      |                                      ^
../Middlewares/Third_Party/FreeRTOS/Source/portable/RVDS/ARM_CM4F\portmacro.h(91): note: expanded from macro 'portYIELD'
   91 |         __isb( portSY_FULL_READ_WRITE );                                                                                        \
      |         ^
../Middlewares/Third_Party/FreeRTOS/Source/event_groups.c(509): error: call to undeclared function 'ulPortRaiseBASEPRI'; ISO C99 and later do not support implicit function declarations [-Wimplicit-function-declaration]
  509 |         uxSavedInterruptStatus = portSET_INTERRUPT_MASK_FROM_ISR();
      |                                  ^
../Middlewares/Third_Party/FreeRTOS/Source/portable/RVDS/ARM_CM4F\portmacro.h(109): note: expanded from macro 'portSET_INTERRUPT_MASK_FROM_ISR'
  109 | #define portSET_INTERRUPT_MASK_FROM_ISR()               ulPortRaiseBASEPRI()
      |                                                         ^
../Middlewares/Third_Party/FreeRTOS/Source/event_groups.c(509): note: did you mean 'vPortRaiseBASEPRI'?
../Middlewares/Third_Party/FreeRTOS/Source/portable/RVDS/ARM_CM4F\portmacro.h(109): note: expanded from macro 'portSET_INTERRUPT_MASK_FROM_ISR'
  109 | #define portSET_INTERRUPT_MASK_FROM_ISR()               ulPortRaiseBASEPRI()
      |                                                         ^
../Middlewares/Third_Party/FreeRTOS/Source/portable/RVDS/ARM_CM4F\portmacro.h(178): note: 'vPortRaiseBASEPRI' declared here
  178 | static portFORCE_INLINE void vPortRaiseBASEPRI( void )
      |                              ^
15 errors generated.
compiling event_groups.c...
compiling MPU6050.c...
compiling inv_mpu_dmp_motion_driver.c...
compiling stm32f4xx_hal_tim_ex.c...
../Middlewares/Third_Party/FreeRTOS/Source/tasks.c(38): warning: In file included from...../Middlewares/Third_Party/FreeRTOS/Source/include\FreeRTOS.h(62): warning: In file included from...../Middlewares/Third_Party/FreeRTOS/Source/include/portable.h(52): warning: In file included from...../Middlewares/Third_Party/FreeRTOS/Source/portable/RVDS/ARM_CM4F\portmacro.h(167): error: unknown type name '__forceinline'
  167 | static portFORCE_INLINE void vPortSetBASEPRI( uint32_t ulBASEPRI )
      |        ^
../Middlewares/Third_Party/FreeRTOS/Source/portable/RVDS/ARM_CM4F\portmacro.h(162): note: expanded from macro 'portFORCE_INLINE'
  162 |         #define portFORCE_INLINE __forceinline
      |                                  ^
../Middlewares/Third_Party/FreeRTOS/Source/portable/RVDS/ARM_CM4F\portmacro.h(170): error: expected 'volatile', 'inline', 'goto', or '('
  170 |         {
      |         ^
../Middlewares/Third_Party/FreeRTOS/Source/portable/RVDS/ARM_CM4F\portmacro.h(178): error: unknown type name '__forceinline'
  178 | static portFORCE_INLINE void vPortRaiseBASEPRI( void )
      |        ^
../Middlewares/Third_Party/FreeRTOS/Source/portable/RVDS/ARM_CM4F\portmacro.h(162): note: expanded from macro 'portFORCE_INLINE'
  162 |         #define portFORCE_INLINE __forceinline
      |                                  ^
../Middlewares/Third_Party/FreeRTOS/Source/portable/RVDS/ARM_CM4F\portmacro.h(183): error: expected 'volatile', 'inline', 'goto', or '('
  183 |         {
      |         ^
../Middlewares/Third_Party/FreeRTOS/Source/portable/RVDS/ARM_CM4F\portmacro.h(193): error: unknown type name '__forceinline'
  193 | static portFORCE_INLINE void vPortClearBASEPRIFromISR( void )
      |        ^
../Middlewares/Third_Party/FreeRTOS/Source/portable/RVDS/ARM_CM4F\portmacro.h(162): note: expanded from macro 'portFORCE_INLINE'
  162 |         #define portFORCE_INLINE __forceinline
      |                                  ^
../Middlewares/Third_Party/FreeRTOS/Source/portable/RVDS/ARM_CM4F\portmacro.h(196): error: expected 'volatile', 'inline', 'goto', or '('
  196 |         {
      |         ^
../Middlewares/Third_Party/FreeRTOS/Source/portable/RVDS/ARM_CM4F\portmacro.h(205): error: unknown type name '__forceinline'
  205 | static portFORCE_INLINE uint32_t ulPortRaiseBASEPRI( void )
      |        ^
../Middlewares/Third_Party/FreeRTOS/Source/portable/RVDS/ARM_CM4F\portmacro.h(162): note: expanded from macro 'portFORCE_INLINE'
  162 |         #define portFORCE_INLINE __forceinline
      |                                  ^
../Middlewares/Third_Party/FreeRTOS/Source/portable/RVDS/ARM_CM4F\portmacro.h(205): error: expected ';' after top level declarator
  205 | static portFORCE_INLINE uint32_t ulPortRaiseBASEPRI( void )
      |                                 ^
      |                                 ;
../Middlewares/Third_Party/FreeRTOS/Source/portable/RVDS/ARM_CM4F\portmacro.h(223): error: unknown type name '__forceinline'
  223 | static portFORCE_INLINE BaseType_t xPortIsInsideInterrupt( void )
      |        ^
../Middlewares/Third_Party/FreeRTOS/Source/portable/RVDS/ARM_CM4F\portmacro.h(162): note: expanded from macro 'portFORCE_INLINE'
  162 |         #define portFORCE_INLINE __forceinline
      |                                  ^
../Middlewares/Third_Party/FreeRTOS/Source/portable/RVDS/ARM_CM4F\portmacro.h(223): error: expected ';' after top level declarator
  223 | static portFORCE_INLINE BaseType_t xPortIsInsideInterrupt( void )
      |                                   ^
      |                                   ;
../Middlewares/Third_Party/FreeRTOS/Source/tasks.c(1146): error: call to undeclared function '__dsb'; ISO C99 and later do not support implicit function declarations [-Wimplicit-function-declaration]
 1146 |                         taskYIELD_IF_USING_PREEMPTION();
      |                         ^
../Middlewares/Third_Party/FreeRTOS/Source/tasks.c(64): note: expanded from macro 'taskYIELD_IF_USING_PREEMPTION'
   64 |         #define taskYIELD_IF_USING_PREEMPTION() portYIELD_WITHIN_API()
      |                                                 ^
../Middlewares/Third_Party/FreeRTOS/Source/include\FreeRTOS.h(746): note: expanded from macro 'portYIELD_WITHIN_API'
  746 |         #define portYIELD_WITHIN_API portYIELD
      |                                      ^
../Middlewares/Third_Party/FreeRTOS/Source/portable/RVDS/ARM_CM4F\portmacro.h(90): note: expanded from macro 'portYIELD'
   90 |         __dsb( portSY_FULL_READ_WRITE );                                                                                        \
      |         ^
../Middlewares/Third_Party/FreeRTOS/Source/tasks.c(1146): error: call to undeclared function '__isb'; ISO C99 and later do not support implicit function declarations [-Wimplicit-function-declaration]
../Middlewares/Third_Party/FreeRTOS/Source/tasks.c(64): note: expanded from macro 'taskYIELD_IF_USING_PREEMPTION'
   64 |         #define taskYIELD_IF_USING_PREEMPTION() portYIELD_WITHIN_API()
      |                                                 ^
../Middlewares/Third_Party/FreeRTOS/Source/include\FreeRTOS.h(746): note: expanded from macro 'portYIELD_WITHIN_API'
  746 |         #define portYIELD_WITHIN_API portYIELD
      |                                      ^
../Middlewares/Third_Party/FreeRTOS/Source/portable/RVDS/ARM_CM4F\portmacro.h(91): note: expanded from macro 'portYIELD'
   91 |         __isb( portSY_FULL_READ_WRITE );                                                                                        \
      |         ^
../Middlewares/Third_Party/FreeRTOS/Source/tasks.c(1243): error: call to undeclared function '__dsb'; ISO C99 and later do not support implicit function declarations [-Wimplicit-function-declaration]
 1243 |                                 portYIELD_WITHIN_API();
      |                                 ^
../Middlewares/Third_Party/FreeRTOS/Source/include\FreeRTOS.h(746): note: expanded from macro 'portYIELD_WITHIN_API'
  746 |         #define portYIELD_WITHIN_API portYIELD
      |                                      ^
../Middlewares/Third_Party/FreeRTOS/Source/portable/RVDS/ARM_CM4F\portmacro.h(90): note: expanded from macro 'portYIELD'
   90 |         __dsb( portSY_FULL_READ_WRITE );                                                                                        \
      |         ^
../Middlewares/Third_Party/FreeRTOS/Source/tasks.c(1243): error: call to undeclared function '__isb'; ISO C99 and later do not support implicit function declarations [-Wimplicit-function-declaration]
../Middlewares/Third_Party/FreeRTOS/Source/include\FreeRTOS.h(746): note: expanded from macro 'portYIELD_WITHIN_API'
  746 |         #define portYIELD_WITHIN_API portYIELD
      |                                      ^
../Middlewares/Third_Party/FreeRTOS/Source/portable/RVDS/ARM_CM4F\portmacro.h(91): note: expanded from macro 'portYIELD'
   91 |         __isb( portSY_FULL_READ_WRITE );                                                                                        \
      |         ^
../Middlewares/Third_Party/FreeRTOS/Source/tasks.c(1328): error: call to undeclared function '__dsb'; ISO C99 and later do not support implicit function declarations [-Wimplicit-function-declaration]
 1328 |                         portYIELD_WITHIN_API();
      |                         ^
../Middlewares/Third_Party/FreeRTOS/Source/include\FreeRTOS.h(746): note: expanded from macro 'portYIELD_WITHIN_API'
  746 |         #define portYIELD_WITHIN_API portYIELD
      |                                      ^
../Middlewares/Third_Party/FreeRTOS/Source/portable/RVDS/ARM_CM4F\portmacro.h(90): note: expanded from macro 'portYIELD'
   90 |         __dsb( portSY_FULL_READ_WRITE );                                                                                        \
      |         ^
../Middlewares/Third_Party/FreeRTOS/Source/tasks.c(1328): error: call to undeclared function '__isb'; ISO C99 and later do not support implicit function declarations [-Wimplicit-function-declaration]
../Middlewares/Third_Party/FreeRTOS/Source/include\FreeRTOS.h(746): note: expanded from macro 'portYIELD_WITHIN_API'
  746 |         #define portYIELD_WITHIN_API portYIELD
      |                                      ^
../Middlewares/Third_Party/FreeRTOS/Source/portable/RVDS/ARM_CM4F\portmacro.h(91): note: expanded from macro 'portYIELD'
   91 |         __isb( portSY_FULL_READ_WRITE );                                                                                        \
      |         ^
../Middlewares/Third_Party/FreeRTOS/Source/tasks.c(1373): error: call to undeclared function '__dsb'; ISO C99 and later do not support implicit function declarations [-Wimplicit-function-declaration]
 1373 |                         portYIELD_WITHIN_API();
      |                         ^
../Middlewares/Third_Party/FreeRTOS/Source/include\FreeRTOS.h(746): note: expanded from macro 'portYIELD_WITHIN_API'
  746 |         #define portYIELD_WITHIN_API portYIELD
      |                                      ^
../Middlewares/Third_Party/FreeRTOS/Source/portable/RVDS/ARM_CM4F\portmacro.h(90): note: expanded from macro 'portYIELD'
   90 |         __dsb( portSY_FULL_READ_WRITE );                                                                                        \
      |         ^
../Middlewares/Third_Party/FreeRTOS/Source/tasks.c(1373): error: call to undeclared function '__isb'; ISO C99 and later do not support implicit function declarations [-Wimplicit-function-declaration]
../Middlewares/Third_Party/FreeRTOS/Source/include\FreeRTOS.h(746): note: expanded from macro 'portYIELD_WITHIN_API'
  746 |         #define portYIELD_WITHIN_API portYIELD
      |                                      ^
../Middlewares/Third_Party/FreeRTOS/Source/portable/RVDS/ARM_CM4F\portmacro.h(91): note: expanded from macro 'portYIELD'
   91 |         __isb( portSY_FULL_READ_WRITE );                                                                                        \
      |         ^
../Middlewares/Third_Party/FreeRTOS/Source/tasks.c(1523): error: call to undeclared function 'ulPortRaiseBASEPRI'; ISO C99 and later do not support implicit function declarations [-Wimplicit-function-declaration]
 1523 |                 uxSavedInterruptState = portSET_INTERRUPT_MASK_FROM_ISR();
      |                                         ^
../Middlewares/Third_Party/FreeRTOS/Source/portable/RVDS/ARM_CM4F\portmacro.h(109): note: expanded from macro 'portSET_INTERRUPT_MASK_FROM_ISR'
  109 | #define portSET_INTERRUPT_MASK_FROM_ISR()               ulPortRaiseBASEPRI()
      |                                                         ^
../Middlewares/Third_Party/FreeRTOS/Source/tasks.c(1523): note: did you mean 'vPortRaiseBASEPRI'?
../Middlewares/Third_Party/FreeRTOS/Source/portable/RVDS/ARM_CM4F\portmacro.h(109): note: expanded from macro 'portSET_INTERRUPT_MASK_FROM_ISR'
  109 | #define portSET_INTERRUPT_MASK_FROM_ISR()               ulPortRaiseBASEPRI()
      |                                                         ^
../Middlewares/Third_Party/FreeRTOS/Source/portable/RVDS/ARM_CM4F\portmacro.h(178): note: 'vPortRaiseBASEPRI' declared here
  178 | static portFORCE_INLINE void vPortRaiseBASEPRI( void )
      |                              ^
fatal error: too many errors emitted, stopping now [-ferror-limit=]
20 errors generated.
compiling tasks.c...
../Middlewares/Third_Party/FreeRTOS/Source/stream_buffer.c(38): warning: In file included from...../Middlewares/Third_Party/FreeRTOS/Source/include\FreeRTOS.h(62): warning: In file included from...../Middlewares/Third_Party/FreeRTOS/Source/include/portable.h(52): warning: In file included from...../Middlewares/Third_Party/FreeRTOS/Source/portable/RVDS/ARM_CM4F\portmacro.h(167): error: unknown type name '__forceinline'
  167 | static portFORCE_INLINE void vPortSetBASEPRI( uint32_t ulBASEPRI )
      |        ^
../Middlewares/Third_Party/FreeRTOS/Source/portable/RVDS/ARM_CM4F\portmacro.h(162): note: expanded from macro 'portFORCE_INLINE'
  162 |         #define portFORCE_INLINE __forceinline
      |                                  ^
../Middlewares/Third_Party/FreeRTOS/Source/portable/RVDS/ARM_CM4F\portmacro.h(170): error: expected 'volatile', 'inline', 'goto', or '('
  170 |         {
      |         ^
../Middlewares/Third_Party/FreeRTOS/Source/portable/RVDS/ARM_CM4F\portmacro.h(178): error: unknown type name '__forceinline'
  178 | static portFORCE_INLINE void vPortRaiseBASEPRI( void )
      |        ^
../Middlewares/Third_Party/FreeRTOS/Source/portable/RVDS/ARM_CM4F\portmacro.h(162): note: expanded from macro 'portFORCE_INLINE'
  162 |         #define portFORCE_INLINE __forceinline
      |                                  ^
../Middlewares/Third_Party/FreeRTOS/Source/portable/RVDS/ARM_CM4F\portmacro.h(183): error: expected 'volatile', 'inline', 'goto', or '('
  183 |         {
      |         ^
../Middlewares/Third_Party/FreeRTOS/Source/portable/RVDS/ARM_CM4F\portmacro.h(193): error: unknown type name '__forceinline'
  193 | static portFORCE_INLINE void vPortClearBASEPRIFromISR( void )
      |        ^
../Middlewares/Third_Party/FreeRTOS/Source/portable/RVDS/ARM_CM4F\portmacro.h(162): note: expanded from macro 'portFORCE_INLINE'
  162 |         #define portFORCE_INLINE __forceinline
      |                                  ^
../Middlewares/Third_Party/FreeRTOS/Source/portable/RVDS/ARM_CM4F\portmacro.h(196): error: expected 'volatile', 'inline', 'goto', or '('
  196 |         {
      |         ^
../Middlewares/Third_Party/FreeRTOS/Source/portable/RVDS/ARM_CM4F\portmacro.h(205): error: unknown type name '__forceinline'
  205 | static portFORCE_INLINE uint32_t ulPortRaiseBASEPRI( void )
      |        ^
../Middlewares/Third_Party/FreeRTOS/Source/portable/RVDS/ARM_CM4F\portmacro.h(162): note: expanded from macro 'portFORCE_INLINE'
  162 |         #define portFORCE_INLINE __forceinline
      |                                  ^
../Middlewares/Third_Party/FreeRTOS/Source/portable/RVDS/ARM_CM4F\portmacro.h(205): error: expected ';' after top level declarator
  205 | static portFORCE_INLINE uint32_t ulPortRaiseBASEPRI( void )
      |                                 ^
      |                                 ;
../Middlewares/Third_Party/FreeRTOS/Source/portable/RVDS/ARM_CM4F\portmacro.h(223): error: unknown type name '__forceinline'
  223 | static portFORCE_INLINE BaseType_t xPortIsInsideInterrupt( void )
      |        ^
../Middlewares/Third_Party/FreeRTOS/Source/portable/RVDS/ARM_CM4F\portmacro.h(162): note: expanded from macro 'portFORCE_INLINE'
  162 |         #define portFORCE_INLINE __forceinline
      |                                  ^
../Middlewares/Third_Party/FreeRTOS/Source/portable/RVDS/ARM_CM4F\portmacro.h(223): error: expected ';' after top level declarator
  223 | static portFORCE_INLINE BaseType_t xPortIsInsideInterrupt( void )
      |                                   ^
      |                                   ;
../Middlewares/Third_Party/FreeRTOS/Source/stream_buffer.c(643): error: call to undeclared function 'ulPortRaiseBASEPRI'; ISO C99 and later do not support implicit function declarations [-Wimplicit-function-declaration]
  643 |                         sbSEND_COMPLETE_FROM_ISR( pxStreamBuffer, pxHigherPriorityTaskWoken );
      |                         ^
../Middlewares/Third_Party/FreeRTOS/Source/stream_buffer.c(115): note: expanded from macro 'sbSEND_COMPLETE_FROM_ISR'
  115 |                 uxSavedInterruptStatus = ( UBaseType_t ) portSET_INTERRUPT_MASK_FROM_ISR();             \
      |                                                          ^
../Middlewares/Third_Party/FreeRTOS/Source/portable/RVDS/ARM_CM4F\portmacro.h(109): note: expanded from macro 'portSET_INTERRUPT_MASK_FROM_ISR'
  109 | #define portSET_INTERRUPT_MASK_FROM_ISR()               ulPortRaiseBASEPRI()
      |                                                         ^
../Middlewares/Third_Party/FreeRTOS/Source/stream_buffer.c(643): note: did you mean 'vPortRaiseBASEPRI'?
../Middlewares/Third_Party/FreeRTOS/Source/stream_buffer.c(115): note: expanded from macro 'sbSEND_COMPLETE_FROM_ISR'
  115 |                 uxSavedInterruptStatus = ( UBaseType_t ) portSET_INTERRUPT_MASK_FROM_ISR();             \
      |                                                          ^
../Middlewares/Third_Party/FreeRTOS/Source/portable/RVDS/ARM_CM4F\portmacro.h(109): note: expanded from macro 'portSET_INTERRUPT_MASK_FROM_ISR'
  109 | #define portSET_INTERRUPT_MASK_FROM_ISR()               ulPortRaiseBASEPRI()
      |                                                         ^
../Middlewares/Third_Party/FreeRTOS/Source/portable/RVDS/ARM_CM4F\portmacro.h(178): note: 'vPortRaiseBASEPRI' declared here
  178 | static portFORCE_INLINE void vPortRaiseBASEPRI( void )
      |                              ^
../Middlewares/Third_Party/FreeRTOS/Source/stream_buffer.c(900): error: call to undeclared function 'ulPortRaiseBASEPRI'; ISO C99 and later do not support implicit function declarations [-Wimplicit-function-declaration]
  900 |                         sbRECEIVE_COMPLETED_FROM_ISR( pxStreamBuffer, pxHigherPriorityTaskWoken );
      |                         ^
../Middlewares/Third_Party/FreeRTOS/Source/stream_buffer.c(77): note: expanded from macro 'sbRECEIVE_COMPLETED_FROM_ISR'
   77 |                 uxSavedInterruptStatus = ( UBaseType_t ) portSET_INTERRUPT_MASK_FROM_ISR();             \
      |                                                          ^
../Middlewares/Third_Party/FreeRTOS/Source/portable/RVDS/ARM_CM4F\portmacro.h(109): note: expanded from macro 'portSET_INTERRUPT_MASK_FROM_ISR'
  109 | #define portSET_INTERRUPT_MASK_FROM_ISR()               ulPortRaiseBASEPRI()
      |                                                         ^
../Middlewares/Third_Party/FreeRTOS/Source/stream_buffer.c(1036): error: call to undeclared function 'ulPortRaiseBASEPRI'; ISO C99 and later do not support implicit function declarations [-Wimplicit-function-declaration]
 1036 |         uxSavedInterruptStatus = ( UBaseType_t ) portSET_INTERRUPT_MASK_FROM_ISR();
      |                                                  ^
../Middlewares/Third_Party/FreeRTOS/Source/portable/RVDS/ARM_CM4F\portmacro.h(109): note: expanded from macro 'portSET_INTERRUPT_MASK_FROM_ISR'
  109 | #define portSET_INTERRUPT_MASK_FROM_ISR()               ulPortRaiseBASEPRI()
      |                                                         ^
../Middlewares/Third_Party/FreeRTOS/Source/stream_buffer.c(1066): error: call to undeclared function 'ulPortRaiseBASEPRI'; ISO C99 and later do not support implicit function declarations [-Wimplicit-function-declaration]
 1066 |         uxSavedInterruptStatus = ( UBaseType_t ) portSET_INTERRUPT_MASK_FROM_ISR();
      |                                                  ^
../Middlewares/Third_Party/FreeRTOS/Source/portable/RVDS/ARM_CM4F\portmacro.h(109): note: expanded from macro 'portSET_INTERRUPT_MASK_FROM_ISR'
  109 | #define portSET_INTERRUPT_MASK_FROM_ISR()               ulPortRaiseBASEPRI()
      |                                                         ^
14 errors generated.
compiling stream_buffer.c...
../Middlewares/Third_Party/FreeRTOS/Source/queue.c(36): warning: In file included from...../Middlewares/Third_Party/FreeRTOS/Source/include\FreeRTOS.h(62): warning: In file included from...../Middlewares/Third_Party/FreeRTOS/Source/include/portable.h(52): warning: In file included from...../Middlewares/Third_Party/FreeRTOS/Source/portable/RVDS/ARM_CM4F\portmacro.h(167): error: unknown type name '__forceinline'
  167 | static portFORCE_INLINE void vPortSetBASEPRI( uint32_t ulBASEPRI )
      |        ^
../Middlewares/Third_Party/FreeRTOS/Source/portable/RVDS/ARM_CM4F\portmacro.h(162): note: expanded from macro 'portFORCE_INLINE'
  162 |         #define portFORCE_INLINE __forceinline
      |                                  ^
../Middlewares/Third_Party/FreeRTOS/Source/portable/RVDS/ARM_CM4F\portmacro.h(170): error: expected 'volatile', 'inline', 'goto', or '('
  170 |         {
      |         ^
../Middlewares/Third_Party/FreeRTOS/Source/portable/RVDS/ARM_CM4F\portmacro.h(178): error: unknown type name '__forceinline'
  178 | static portFORCE_INLINE void vPortRaiseBASEPRI( void )
      |        ^
../Middlewares/Third_Party/FreeRTOS/Source/portable/RVDS/ARM_CM4F\portmacro.h(162): note: expanded from macro 'portFORCE_INLINE'
  162 |         #define portFORCE_INLINE __forceinline
      |                                  ^
../Middlewares/Third_Party/FreeRTOS/Source/portable/RVDS/ARM_CM4F\portmacro.h(183): error: expected 'volatile', 'inline', 'goto', or '('
  183 |         {
      |         ^
../Middlewares/Third_Party/FreeRTOS/Source/portable/RVDS/ARM_CM4F\portmacro.h(193): error: unknown type name '__forceinline'
  193 | static portFORCE_INLINE void vPortClearBASEPRIFromISR( void )
      |        ^
../Middlewares/Third_Party/FreeRTOS/Source/portable/RVDS/ARM_CM4F\portmacro.h(162): note: expanded from macro 'portFORCE_INLINE'
  162 |         #define portFORCE_INLINE __forceinline
      |                                  ^
../Middlewares/Third_Party/FreeRTOS/Source/portable/RVDS/ARM_CM4F\portmacro.h(196): error: expected 'volatile', 'inline', 'goto', or '('
  196 |         {
      |         ^
../Middlewares/Third_Party/FreeRTOS/Source/portable/RVDS/ARM_CM4F\portmacro.h(205): error: unknown type name '__forceinline'
  205 | static portFORCE_INLINE uint32_t ulPortRaiseBASEPRI( void )
      |        ^
../Middlewares/Third_Party/FreeRTOS/Source/portable/RVDS/ARM_CM4F\portmacro.h(162): note: expanded from macro 'portFORCE_INLINE'
  162 |         #define portFORCE_INLINE __forceinline
      |                                  ^
../Middlewares/Third_Party/FreeRTOS/Source/portable/RVDS/ARM_CM4F\portmacro.h(205): error: expected ';' after top level declarator
  205 | static portFORCE_INLINE uint32_t ulPortRaiseBASEPRI( void )
      |                                 ^
      |                                 ;
../Middlewares/Third_Party/FreeRTOS/Source/portable/RVDS/ARM_CM4F\portmacro.h(223): error: unknown type name '__forceinline'
  223 | static portFORCE_INLINE BaseType_t xPortIsInsideInterrupt( void )
      |        ^
../Middlewares/Third_Party/FreeRTOS/Source/portable/RVDS/ARM_CM4F\portmacro.h(162): note: expanded from macro 'portFORCE_INLINE'
  162 |         #define portFORCE_INLINE __forceinline
      |                                  ^
../Middlewares/Third_Party/FreeRTOS/Source/portable/RVDS/ARM_CM4F\portmacro.h(223): error: expected ';' after top level declarator
  223 | static portFORCE_INLINE BaseType_t xPortIsInsideInterrupt( void )
      |                                   ^
      |                                   ;
../Middlewares/Third_Party/FreeRTOS/Source/queue.c(281): error: call to undeclared function '__dsb'; ISO C99 and later do not support implicit function declarations [-Wimplicit-function-declaration]
  281 |                                         queueYIELD_IF_USING_PREEMPTION();
      |                                         ^
../Middlewares/Third_Party/FreeRTOS/Source/queue.c(89): note: expanded from macro 'queueYIELD_IF_USING_PREEMPTION'
   89 |         #define queueYIELD_IF_USING_PREEMPTION() portYIELD_WITHIN_API()
      |                                                  ^
../Middlewares/Third_Party/FreeRTOS/Source/include\FreeRTOS.h(746): note: expanded from macro 'portYIELD_WITHIN_API'
  746 |         #define portYIELD_WITHIN_API portYIELD
      |                                      ^
../Middlewares/Third_Party/FreeRTOS/Source/portable/RVDS/ARM_CM4F\portmacro.h(90): note: expanded from macro 'portYIELD'
   90 |         __dsb( portSY_FULL_READ_WRITE );                                                                                        \
      |         ^
../Middlewares/Third_Party/FreeRTOS/Source/queue.c(281): error: call to undeclared function '__isb'; ISO C99 and later do not support implicit function declarations [-Wimplicit-function-declaration]
../Middlewares/Third_Party/FreeRTOS/Source/queue.c(89): note: expanded from macro 'queueYIELD_IF_USING_PREEMPTION'
   89 |         #define queueYIELD_IF_USING_PREEMPTION() portYIELD_WITHIN_API()
      |                                                  ^
../Middlewares/Third_Party/FreeRTOS/Source/include\FreeRTOS.h(746): note: expanded from macro 'portYIELD_WITHIN_API'
  746 |         #define portYIELD_WITHIN_API portYIELD
      |                                      ^
../Middlewares/Third_Party/FreeRTOS/Source/portable/RVDS/ARM_CM4F\portmacro.h(91): note: expanded from macro 'portYIELD'
   91 |         __isb( portSY_FULL_READ_WRITE );                                                                                        \
      |         ^
../Middlewares/Third_Party/FreeRTOS/Source/queue.c(845): error: call to undeclared function '__dsb'; ISO C99 and later do not support implicit function declarations [-Wimplicit-function-declaration]
  845 |                                                         queueYIELD_IF_USING_PREEMPTION();
      |                                                         ^
../Middlewares/Third_Party/FreeRTOS/Source/queue.c(89): note: expanded from macro 'queueYIELD_IF_USING_PREEMPTION'
   89 |         #define queueYIELD_IF_USING_PREEMPTION() portYIELD_WITHIN_API()
      |                                                  ^
../Middlewares/Third_Party/FreeRTOS/Source/include\FreeRTOS.h(746): note: expanded from macro 'portYIELD_WITHIN_API'
  746 |         #define portYIELD_WITHIN_API portYIELD
      |                                      ^
../Middlewares/Third_Party/FreeRTOS/Source/portable/RVDS/ARM_CM4F\portmacro.h(90): note: expanded from macro 'portYIELD'
   90 |         __dsb( portSY_FULL_READ_WRITE );                                                                                        \
      |         ^
../Middlewares/Third_Party/FreeRTOS/Source/queue.c(845): error: call to undeclared function '__isb'; ISO C99 and later do not support implicit function declarations [-Wimplicit-function-declaration]
../Middlewares/Third_Party/FreeRTOS/Source/queue.c(89): note: expanded from macro 'queueYIELD_IF_USING_PREEMPTION'
   89 |         #define queueYIELD_IF_USING_PREEMPTION() portYIELD_WITHIN_API()
      |                                                  ^
../Middlewares/Third_Party/FreeRTOS/Source/include\FreeRTOS.h(746): note: expanded from macro 'portYIELD_WITHIN_API'
  746 |         #define portYIELD_WITHIN_API portYIELD
      |                                      ^
../Middlewares/Third_Party/FreeRTOS/Source/portable/RVDS/ARM_CM4F\portmacro.h(91): note: expanded from macro 'portYIELD'
   91 |         __isb( portSY_FULL_READ_WRITE );                                                                                        \
      |         ^
../Middlewares/Third_Party/FreeRTOS/Source/queue.c(858): error: call to undeclared function '__dsb'; ISO C99 and later do not support implicit function declarations [-Wimplicit-function-declaration]
  858 |                                                 queueYIELD_IF_USING_PREEMPTION();
      |                                                 ^
../Middlewares/Third_Party/FreeRTOS/Source/queue.c(89): note: expanded from macro 'queueYIELD_IF_USING_PREEMPTION'
   89 |         #define queueYIELD_IF_USING_PREEMPTION() portYIELD_WITHIN_API()
      |                                                  ^
../Middlewares/Third_Party/FreeRTOS/Source/include\FreeRTOS.h(746): note: expanded from macro 'portYIELD_WITHIN_API'
  746 |         #define portYIELD_WITHIN_API portYIELD
      |                                      ^
../Middlewares/Third_Party/FreeRTOS/Source/portable/RVDS/ARM_CM4F\portmacro.h(90): note: expanded from macro 'portYIELD'
   90 |         __dsb( portSY_FULL_READ_WRITE );                                                                                        \
      |         ^
../Middlewares/Third_Party/FreeRTOS/Source/queue.c(858): error: call to undeclared function '__isb'; ISO C99 and later do not support implicit function declarations [-Wimplicit-function-declaration]
../Middlewares/Third_Party/FreeRTOS/Source/queue.c(89): note: expanded from macro 'queueYIELD_IF_USING_PREEMPTION'
   89 |         #define queueYIELD_IF_USING_PREEMPTION() portYIELD_WITHIN_API()
      |                                                  ^
../Middlewares/Third_Party/FreeRTOS/Source/include\FreeRTOS.h(746): note: expanded from macro 'portYIELD_WITHIN_API'
  746 |         #define portYIELD_WITHIN_API portYIELD
      |                                      ^
../Middlewares/Third_Party/FreeRTOS/Source/portable/RVDS/ARM_CM4F\portmacro.h(91): note: expanded from macro 'portYIELD'
   91 |         __isb( portSY_FULL_READ_WRITE );                                                                                        \
      |         ^
../Middlewares/Third_Party/FreeRTOS/Source/queue.c(927): error: call to undeclared function '__dsb'; ISO C99 and later do not support implicit function declarations [-Wimplicit-function-declaration]
  927 |                                         portYIELD_WITHIN_API();
      |                                         ^
../Middlewares/Third_Party/FreeRTOS/Source/include\FreeRTOS.h(746): note: expanded from macro 'portYIELD_WITHIN_API'
  746 |         #define portYIELD_WITHIN_API portYIELD
      |                                      ^
../Middlewares/Third_Party/FreeRTOS/Source/portable/RVDS/ARM_CM4F\portmacro.h(90): note: expanded from macro 'portYIELD'
   90 |         __dsb( portSY_FULL_READ_WRITE );                                                                                        \
      |         ^
../Middlewares/Third_Party/FreeRTOS/Source/queue.c(927): error: call to undeclared function '__isb'; ISO C99 and later do not support implicit function declarations [-Wimplicit-function-declaration]
../Middlewares/Third_Party/FreeRTOS/Source/include\FreeRTOS.h(746): note: expanded from macro 'portYIELD_WITHIN_API'
  746 |         #define portYIELD_WITHIN_API portYIELD
      |                                      ^
../Middlewares/Third_Party/FreeRTOS/Source/portable/RVDS/ARM_CM4F\portmacro.h(91): note: expanded from macro 'portYIELD'
   91 |         __isb( portSY_FULL_READ_WRITE );                                                                                        \
      |         ^
../Middlewares/Third_Party/FreeRTOS/Source/queue.c(981): error: call to undeclared function 'ulPortRaiseBASEPRI'; ISO C99 and later do not support implicit function declarations [-Wimplicit-function-declaration]
  981 |         uxSavedInterruptStatus = portSET_INTERRUPT_MASK_FROM_ISR();
      |                                  ^
../Middlewares/Third_Party/FreeRTOS/Source/portable/RVDS/ARM_CM4F\portmacro.h(109): note: expanded from macro 'portSET_INTERRUPT_MASK_FROM_ISR'
  109 | #define portSET_INTERRUPT_MASK_FROM_ISR()               ulPortRaiseBASEPRI()
      |                                                         ^
../Middlewares/Third_Party/FreeRTOS/Source/queue.c(981): note: did you mean 'vPortRaiseBASEPRI'?
../Middlewares/Third_Party/FreeRTOS/Source/portable/RVDS/ARM_CM4F\portmacro.h(109): note: expanded from macro 'portSET_INTERRUPT_MASK_FROM_ISR'
  109 | #define portSET_INTERRUPT_MASK_FROM_ISR()               ulPortRaiseBASEPRI()
      |                                                         ^
../Middlewares/Third_Party/FreeRTOS/Source/portable/RVDS/ARM_CM4F\portmacro.h(178): note: 'vPortRaiseBASEPRI' declared here
  178 | static portFORCE_INLINE void vPortRaiseBASEPRI( void )
      |                              ^
fatal error: too many errors emitted, stopping now [-ferror-limit=]
20 errors generated.
compiling queue.c...
../Middlewares/Third_Party/FreeRTOS/Source/timers.c(36): warning: In file included from...../Middlewares/Third_Party/FreeRTOS/Source/include\FreeRTOS.h(62): warning: In file included from...../Middlewares/Third_Party/FreeRTOS/Source/include/portable.h(52): warning: In file included from...../Middlewares/Third_Party/FreeRTOS/Source/portable/RVDS/ARM_CM4F\portmacro.h(167): error: unknown type name '__forceinline'
  167 | static portFORCE_INLINE void vPortSetBASEPRI( uint32_t ulBASEPRI )
      |        ^
../Middlewares/Third_Party/FreeRTOS/Source/portable/RVDS/ARM_CM4F\portmacro.h(162): note: expanded from macro 'portFORCE_INLINE'
  162 |         #define portFORCE_INLINE __forceinline
      |                                  ^
../Middlewares/Third_Party/FreeRTOS/Source/portable/RVDS/ARM_CM4F\portmacro.h(170): error: expected 'volatile', 'inline', 'goto', or '('
  170 |         {
      |         ^
../Middlewares/Third_Party/FreeRTOS/Source/portable/RVDS/ARM_CM4F\portmacro.h(178): error: unknown type name '__forceinline'
  178 | static portFORCE_INLINE void vPortRaiseBASEPRI( void )
      |        ^
../Middlewares/Third_Party/FreeRTOS/Source/portable/RVDS/ARM_CM4F\portmacro.h(162): note: expanded from macro 'portFORCE_INLINE'
  162 |         #define portFORCE_INLINE __forceinline
      |                                  ^
../Middlewares/Third_Party/FreeRTOS/Source/portable/RVDS/ARM_CM4F\portmacro.h(183): error: expected 'volatile', 'inline', 'goto', or '('
  183 |         {
      |         ^
../Middlewares/Third_Party/FreeRTOS/Source/portable/RVDS/ARM_CM4F\portmacro.h(193): error: unknown type name '__forceinline'
  193 | static portFORCE_INLINE void vPortClearBASEPRIFromISR( void )
      |        ^
../Middlewares/Third_Party/FreeRTOS/Source/portable/RVDS/ARM_CM4F\portmacro.h(162): note: expanded from macro 'portFORCE_INLINE'
  162 |         #define portFORCE_INLINE __forceinline
      |                                  ^
../Middlewares/Third_Party/FreeRTOS/Source/portable/RVDS/ARM_CM4F\portmacro.h(196): error: expected 'volatile', 'inline', 'goto', or '('
  196 |         {
      |         ^
../Middlewares/Third_Party/FreeRTOS/Source/portable/RVDS/ARM_CM4F\portmacro.h(205): error: unknown type name '__forceinline'
  205 | static portFORCE_INLINE uint32_t ulPortRaiseBASEPRI( void )
      |        ^
../Middlewares/Third_Party/FreeRTOS/Source/portable/RVDS/ARM_CM4F\portmacro.h(162): note: expanded from macro 'portFORCE_INLINE'
  162 |         #define portFORCE_INLINE __forceinline
      |                                  ^
../Middlewares/Third_Party/FreeRTOS/Source/portable/RVDS/ARM_CM4F\portmacro.h(205): error: expected ';' after top level declarator
  205 | static portFORCE_INLINE uint32_t ulPortRaiseBASEPRI( void )
      |                                 ^
      |                                 ;
../Middlewares/Third_Party/FreeRTOS/Source/portable/RVDS/ARM_CM4F\portmacro.h(223): error: unknown type name '__forceinline'
  223 | static portFORCE_INLINE BaseType_t xPortIsInsideInterrupt( void )
      |        ^
../Middlewares/Third_Party/FreeRTOS/Source/portable/RVDS/ARM_CM4F\portmacro.h(162): note: expanded from macro 'portFORCE_INLINE'
  162 |         #define portFORCE_INLINE __forceinline
      |                                  ^
../Middlewares/Third_Party/FreeRTOS/Source/portable/RVDS/ARM_CM4F\portmacro.h(223): error: expected ';' after top level declarator
  223 | static portFORCE_INLINE BaseType_t xPortIsInsideInterrupt( void )
      |                                   ^
      |                                   ;
../Middlewares/Third_Party/FreeRTOS/Source/timers.c(628): error: call to undeclared function '__dsb'; ISO C99 and later do not support implicit function declarations [-Wimplicit-function-declaration]
  628 |                                         portYIELD_WITHIN_API();
      |                                         ^
../Middlewares/Third_Party/FreeRTOS/Source/include\FreeRTOS.h(746): note: expanded from macro 'portYIELD_WITHIN_API'
  746 |         #define portYIELD_WITHIN_API portYIELD
      |                                      ^
../Middlewares/Third_Party/FreeRTOS/Source/portable/RVDS/ARM_CM4F\portmacro.h(90): note: expanded from macro 'portYIELD'
   90 |         __dsb( portSY_FULL_READ_WRITE );                                                                                        \
      |         ^
../Middlewares/Third_Party/FreeRTOS/Source/timers.c(628): error: call to undeclared function '__isb'; ISO C99 and later do not support implicit function declarations [-Wimplicit-function-declaration]
../Middlewares/Third_Party/FreeRTOS/Source/include\FreeRTOS.h(746): note: expanded from macro 'portYIELD_WITHIN_API'
  746 |         #define portYIELD_WITHIN_API portYIELD
      |                                      ^
../Middlewares/Third_Party/FreeRTOS/Source/portable/RVDS/ARM_CM4F\portmacro.h(91): note: expanded from macro 'portYIELD'
   91 |         __isb( portSY_FULL_READ_WRITE );                                                                                        \
      |         ^
12 errors generated.
compiling timers.c...
compiling stm32f4xx_hal_i2c.c...
compiling stm32f4xx_hal_uart.c...
../Middlewares/Third_Party/FreeRTOS/Source/portable/RVDS/ARM_CM4F/port.c(33): warning: In file included from...../Middlewares/Third_Party/FreeRTOS/Source/include\FreeRTOS.h(62): warning: In file included from...../Middlewares/Third_Party/FreeRTOS/Source/include/portable.h(52): warning: In file included from...../Middlewares/Third_Party/FreeRTOS/Source/portable/RVDS/ARM_CM4F\portmacro.h(167): error: unknown type name '__forceinline'
  167 | static portFORCE_INLINE void vPortSetBASEPRI( uint32_t ulBASEPRI )
      |        ^
../Middlewares/Third_Party/FreeRTOS/Source/portable/RVDS/ARM_CM4F\portmacro.h(162): note: expanded from macro 'portFORCE_INLINE'
  162 |         #define portFORCE_INLINE __forceinline
      |                                  ^
../Middlewares/Third_Party/FreeRTOS/Source/portable/RVDS/ARM_CM4F\portmacro.h(170): error: expected 'volatile', 'inline', 'goto', or '('
  170 |         {
      |         ^
../Middlewares/Third_Party/FreeRTOS/Source/portable/RVDS/ARM_CM4F\portmacro.h(178): error: unknown type name '__forceinline'
  178 | static portFORCE_INLINE void vPortRaiseBASEPRI( void )
      |        ^
../Middlewares/Third_Party/FreeRTOS/Source/portable/RVDS/ARM_CM4F\portmacro.h(162): note: expanded from macro 'portFORCE_INLINE'
  162 |         #define portFORCE_INLINE __forceinline
      |                                  ^
../Middlewares/Third_Party/FreeRTOS/Source/portable/RVDS/ARM_CM4F\portmacro.h(183): error: expected 'volatile', 'inline', 'goto', or '('
  183 |         {
      |         ^
../Middlewares/Third_Party/FreeRTOS/Source/portable/RVDS/ARM_CM4F\portmacro.h(193): error: unknown type name '__forceinline'
  193 | static portFORCE_INLINE void vPortClearBASEPRIFromISR( void )
      |        ^
../Middlewares/Third_Party/FreeRTOS/Source/portable/RVDS/ARM_CM4F\portmacro.h(162): note: expanded from macro 'portFORCE_INLINE'
  162 |         #define portFORCE_INLINE __forceinline
      |                                  ^
../Middlewares/Third_Party/FreeRTOS/Source/portable/RVDS/ARM_CM4F\portmacro.h(196): error: expected 'volatile', 'inline', 'goto', or '('
  196 |         {
      |         ^
../Middlewares/Third_Party/FreeRTOS/Source/portable/RVDS/ARM_CM4F\portmacro.h(205): error: unknown type name '__forceinline'
  205 | static portFORCE_INLINE uint32_t ulPortRaiseBASEPRI( void )
      |        ^
../Middlewares/Third_Party/FreeRTOS/Source/portable/RVDS/ARM_CM4F\portmacro.h(162): note: expanded from macro 'portFORCE_INLINE'
  162 |         #define portFORCE_INLINE __forceinline
      |                                  ^
../Middlewares/Third_Party/FreeRTOS/Source/portable/RVDS/ARM_CM4F\portmacro.h(205): error: expected ';' after top level declarator
  205 | static portFORCE_INLINE uint32_t ulPortRaiseBASEPRI( void )
      |                                 ^
      |                                 ;
../Middlewares/Third_Party/FreeRTOS/Source/portable/RVDS/ARM_CM4F\portmacro.h(223): error: unknown type name '__forceinline'
  223 | static portFORCE_INLINE BaseType_t xPortIsInsideInterrupt( void )
      |        ^
../Middlewares/Third_Party/FreeRTOS/Source/portable/RVDS/ARM_CM4F\portmacro.h(162): note: expanded from macro 'portFORCE_INLINE'
  162 |         #define portFORCE_INLINE __forceinline
      |                                  ^
../Middlewares/Third_Party/FreeRTOS/Source/portable/RVDS/ARM_CM4F\portmacro.h(223): error: expected ';' after top level declarator
  223 | static portFORCE_INLINE BaseType_t xPortIsInsideInterrupt( void )
      |                                   ^
      |                                   ;
../Middlewares/Third_Party/FreeRTOS/Source/portable/RVDS/ARM_CM4F/port.c(37): error: This port can only be used when the project options are configured to enable hardware floating point support.
   37 |         #error This port can only be used when the project options are configured to enable hardware floating point support.
      |          ^
../Middlewares/Third_Party/FreeRTOS/Source/portable/RVDS/ARM_CM4F/port.c(235): error: expected '(' after 'asm'
  235 | __asm void vPortSVCHandler( void )
      |       ^
../Middlewares/Third_Party/FreeRTOS/Source/portable/RVDS/ARM_CM4F/port.c(235): error: expected ';' after top-level asm block
  235 | __asm void vPortSVCHandler( void )
      |      ^
      |      ;
../Middlewares/Third_Party/FreeRTOS/Source/portable/RVDS/ARM_CM4F/port.c(237): error: use of undeclared identifier 'PRESERVE8'
  237 |         PRESERVE8
      |         ^
../Middlewares/Third_Party/FreeRTOS/Source/portable/RVDS/ARM_CM4F/port.c(253): error: expected '(' after 'asm'
  253 | __asm void prvStartFirstTask( void )
      |       ^
../Middlewares/Third_Party/FreeRTOS/Source/portable/RVDS/ARM_CM4F/port.c(253): error: expected ';' after top-level asm block
  253 | __asm void prvStartFirstTask( void )
      |      ^
      |      ;
../Middlewares/Third_Party/FreeRTOS/Source/portable/RVDS/ARM_CM4F/port.c(255): error: use of undeclared identifier 'PRESERVE8'
  255 |         PRESERVE8
      |         ^
../Middlewares/Third_Party/FreeRTOS/Source/portable/RVDS/ARM_CM4F/port.c(281): error: expected '(' after 'asm'
  281 | __asm void prvEnableVFP( void )
      |       ^
../Middlewares/Third_Party/FreeRTOS/Source/portable/RVDS/ARM_CM4F/port.c(281): error: expected ';' after top-level asm block
  281 | __asm void prvEnableVFP( void )
      |      ^
      |      ;
fatal error: too many errors emitted, stopping now [-ferror-limit=]
20 errors generated.
compiling port.c...
../Middlewares/Third_Party/FreeRTOS/Source/portable/MemMang/heap_4.c(43): warning: In file included from...../Middlewares/Third_Party/FreeRTOS/Source/include\FreeRTOS.h(62): warning: In file included from...../Middlewares/Third_Party/FreeRTOS/Source/include/portable.h(52): warning: In file included from...../Middlewares/Third_Party/FreeRTOS/Source/portable/RVDS/ARM_CM4F\portmacro.h(167): error: unknown type name '__forceinline'
  167 | static portFORCE_INLINE void vPortSetBASEPRI( uint32_t ulBASEPRI )
      |        ^
../Middlewares/Third_Party/FreeRTOS/Source/portable/RVDS/ARM_CM4F\portmacro.h(162): note: expanded from macro 'portFORCE_INLINE'
  162 |         #define portFORCE_INLINE __forceinline
      |                                  ^
../Middlewares/Third_Party/FreeRTOS/Source/portable/RVDS/ARM_CM4F\portmacro.h(170): error: expected 'volatile', 'inline', 'goto', or '('
  170 |         {
      |         ^
../Middlewares/Third_Party/FreeRTOS/Source/portable/RVDS/ARM_CM4F\portmacro.h(178): error: unknown type name '__forceinline'
  178 | static portFORCE_INLINE void vPortRaiseBASEPRI( void )
      |        ^
../Middlewares/Third_Party/FreeRTOS/Source/portable/RVDS/ARM_CM4F\portmacro.h(162): note: expanded from macro 'portFORCE_INLINE'
  162 |         #define portFORCE_INLINE __forceinline
      |                                  ^
../Middlewares/Third_Party/FreeRTOS/Source/portable/RVDS/ARM_CM4F\portmacro.h(183): error: expected 'volatile', 'inline', 'goto', or '('
  183 |         {
      |         ^
../Middlewares/Third_Party/FreeRTOS/Source/portable/RVDS/ARM_CM4F\portmacro.h(193): error: unknown type name '__forceinline'
  193 | static portFORCE_INLINE void vPortClearBASEPRIFromISR( void )
      |        ^
../Middlewares/Third_Party/FreeRTOS/Source/portable/RVDS/ARM_CM4F\portmacro.h(162): note: expanded from macro 'portFORCE_INLINE'
  162 |         #define portFORCE_INLINE __forceinline
      |                                  ^
../Middlewares/Third_Party/FreeRTOS/Source/portable/RVDS/ARM_CM4F\portmacro.h(196): error: expected 'volatile', 'inline', 'goto', or '('
  196 |         {
      |         ^
../Middlewares/Third_Party/FreeRTOS/Source/portable/RVDS/ARM_CM4F\portmacro.h(205): error: unknown type name '__forceinline'
  205 | static portFORCE_INLINE uint32_t ulPortRaiseBASEPRI( void )
      |        ^
../Middlewares/Third_Party/FreeRTOS/Source/portable/RVDS/ARM_CM4F\portmacro.h(162): note: expanded from macro 'portFORCE_INLINE'
  162 |         #define portFORCE_INLINE __forceinline
      |                                  ^
../Middlewares/Third_Party/FreeRTOS/Source/portable/RVDS/ARM_CM4F\portmacro.h(205): error: expected ';' after top level declarator
  205 | static portFORCE_INLINE uint32_t ulPortRaiseBASEPRI( void )
      |                                 ^
      |                                 ;
../Middlewares/Third_Party/FreeRTOS/Source/portable/RVDS/ARM_CM4F\portmacro.h(223): error: unknown type name '__forceinline'
  223 | static portFORCE_INLINE BaseType_t xPortIsInsideInterrupt( void )
      |        ^
../Middlewares/Third_Party/FreeRTOS/Source/portable/RVDS/ARM_CM4F\portmacro.h(162): note: expanded from macro 'portFORCE_INLINE'
  162 |         #define portFORCE_INLINE __forceinline
      |                                  ^
../Middlewares/Third_Party/FreeRTOS/Source/portable/RVDS/ARM_CM4F\portmacro.h(223): error: expected ';' after top level declarator
  223 | static portFORCE_INLINE BaseType_t xPortIsInsideInterrupt( void )
      |                                   ^
      |                                   ;
10 errors generated.
compiling heap_4.c...
compiling inv_mpu.c...
compiling oled.c...
compiling stm32f4xx_hal_tim.c...
../Middlewares/Third_Party/FreeRTOS/Source/CMSIS_RTOS_V2/cmsis_os2.c(28): warning: In file included from...../Middlewares/Third_Party/FreeRTOS/Source/include\FreeRTOS.h(62): warning: In file included from...../Middlewares/Third_Party/FreeRTOS/Source/include/portable.h(52): warning: In file included from...../Middlewares/Third_Party/FreeRTOS/Source/portable/RVDS/ARM_CM4F\portmacro.h(167): error: unknown type name '__forceinline'
  167 | static portFORCE_INLINE void vPortSetBASEPRI( uint32_t ulBASEPRI )
      |        ^
../Middlewares/Third_Party/FreeRTOS/Source/portable/RVDS/ARM_CM4F\portmacro.h(162): note: expanded from macro 'portFORCE_INLINE'
  162 |         #define portFORCE_INLINE __forceinline
      |                                  ^
../Middlewares/Third_Party/FreeRTOS/Source/portable/RVDS/ARM_CM4F\portmacro.h(170): error: expected 'volatile', 'inline', 'goto', or '('
  170 |         {
      |         ^
../Middlewares/Third_Party/FreeRTOS/Source/portable/RVDS/ARM_CM4F\portmacro.h(178): error: unknown type name '__forceinline'
  178 | static portFORCE_INLINE void vPortRaiseBASEPRI( void )
      |        ^
../Middlewares/Third_Party/FreeRTOS/Source/portable/RVDS/ARM_CM4F\portmacro.h(162): note: expanded from macro 'portFORCE_INLINE'
  162 |         #define portFORCE_INLINE __forceinline
      |                                  ^
../Middlewares/Third_Party/FreeRTOS/Source/portable/RVDS/ARM_CM4F\portmacro.h(183): error: expected 'volatile', 'inline', 'goto', or '('
  183 |         {
      |         ^
../Middlewares/Third_Party/FreeRTOS/Source/portable/RVDS/ARM_CM4F\portmacro.h(193): error: unknown type name '__forceinline'
  193 | static portFORCE_INLINE void vPortClearBASEPRIFromISR( void )
      |        ^
../Middlewares/Third_Party/FreeRTOS/Source/portable/RVDS/ARM_CM4F\portmacro.h(162): note: expanded from macro 'portFORCE_INLINE'
  162 |         #define portFORCE_INLINE __forceinline
      |                                  ^
../Middlewares/Third_Party/FreeRTOS/Source/portable/RVDS/ARM_CM4F\portmacro.h(196): error: expected 'volatile', 'inline', 'goto', or '('
  196 |         {
      |         ^
../Middlewares/Third_Party/FreeRTOS/Source/portable/RVDS/ARM_CM4F\portmacro.h(205): error: unknown type name '__forceinline'
  205 | static portFORCE_INLINE uint32_t ulPortRaiseBASEPRI( void )
      |        ^
../Middlewares/Third_Party/FreeRTOS/Source/portable/RVDS/ARM_CM4F\portmacro.h(162): note: expanded from macro 'portFORCE_INLINE'
  162 |         #define portFORCE_INLINE __forceinline
      |                                  ^
../Middlewares/Third_Party/FreeRTOS/Source/portable/RVDS/ARM_CM4F\portmacro.h(205): error: expected ';' after top level declarator
  205 | static portFORCE_INLINE uint32_t ulPortRaiseBASEPRI( void )
      |                                 ^
      |                                 ;
../Middlewares/Third_Party/FreeRTOS/Source/portable/RVDS/ARM_CM4F\portmacro.h(223): error: unknown type name '__forceinline'
  223 | static portFORCE_INLINE BaseType_t xPortIsInsideInterrupt( void )
      |        ^
../Middlewares/Third_Party/FreeRTOS/Source/portable/RVDS/ARM_CM4F\portmacro.h(162): note: expanded from macro 'portFORCE_INLINE'
  162 |         #define portFORCE_INLINE __forceinline
      |                                  ^
../Middlewares/Third_Party/FreeRTOS/Source/portable/RVDS/ARM_CM4F\portmacro.h(223): error: expected ';' after top level declarator
  223 | static portFORCE_INLINE BaseType_t xPortIsInsideInterrupt( void )
      |                                   ^
      |                                   ;
../Middlewares/Third_Party/FreeRTOS/Source/CMSIS_RTOS_V2/cmsis_os2.c(606): error: call to undeclared function '__dsb'; ISO C99 and later do not support implicit function declarations [-Wimplicit-function-declaration]
  606 |     taskYIELD();
      |     ^
../Middlewares/Third_Party/FreeRTOS/Source/include\task.h(173): note: expanded from macro 'taskYIELD'
  173 | #define taskYIELD()                                     portYIELD()
      |                                                         ^
../Middlewares/Third_Party/FreeRTOS/Source/portable/RVDS/ARM_CM4F\portmacro.h(90): note: expanded from macro 'portYIELD'
   90 |         __dsb( portSY_FULL_READ_WRITE );                                                                                        \
      |         ^
../Middlewares/Third_Party/FreeRTOS/Source/CMSIS_RTOS_V2/cmsis_os2.c(606): error: call to undeclared function '__isb'; ISO C99 and later do not support implicit function declarations [-Wimplicit-function-declaration]
../Middlewares/Third_Party/FreeRTOS/Source/include\task.h(173): note: expanded from macro 'taskYIELD'
  173 | #define taskYIELD()                                     portYIELD()
      |                                                         ^
../Middlewares/Third_Party/FreeRTOS/Source/portable/RVDS/ARM_CM4F\portmacro.h(91): note: expanded from macro 'portYIELD'
   91 |         __isb( portSY_FULL_READ_WRITE );                                                                                        \
      |         ^
../Middlewares/Third_Party/FreeRTOS/Source/CMSIS_RTOS_V2/cmsis_os2.c(746): error: call to undeclared function '__dsb'; ISO C99 and later do not support implicit function declarations [-Wimplicit-function-declaration]
  746 |       portYIELD_FROM_ISR (yield);
      |       ^
../Middlewares/Third_Party/FreeRTOS/Source/portable/RVDS/ARM_CM4F\portmacro.h(98): note: expanded from macro 'portYIELD_FROM_ISR'
   98 | #define portYIELD_FROM_ISR( x ) portEND_SWITCHING_ISR( x )
      |                                 ^
../Middlewares/Third_Party/FreeRTOS/Source/portable/RVDS/ARM_CM4F\portmacro.h(97): note: expanded from macro 'portEND_SWITCHING_ISR'
   97 | #define portEND_SWITCHING_ISR( xSwitchRequired ) if( xSwitchRequired != pdFALSE ) portYIELD()
      |                                                                                   ^
../Middlewares/Third_Party/FreeRTOS/Source/portable/RVDS/ARM_CM4F\portmacro.h(90): note: expanded from macro 'portYIELD'
   90 |         __dsb( portSY_FULL_READ_WRITE );                                                                                        \
      |         ^
../Middlewares/Third_Party/FreeRTOS/Source/CMSIS_RTOS_V2/cmsis_os2.c(746): error: call to undeclared function '__isb'; ISO C99 and later do not support implicit function declarations [-Wimplicit-function-declaration]
../Middlewares/Third_Party/FreeRTOS/Source/portable/RVDS/ARM_CM4F\portmacro.h(98): note: expanded from macro 'portYIELD_FROM_ISR'
   98 | #define portYIELD_FROM_ISR( x ) portEND_SWITCHING_ISR( x )
      |                                 ^
../Middlewares/Third_Party/FreeRTOS/Source/portable/RVDS/ARM_CM4F\portmacro.h(97): note: expanded from macro 'portEND_SWITCHING_ISR'
   97 | #define portEND_SWITCHING_ISR( xSwitchRequired ) if( xSwitchRequired != pdFALSE ) portYIELD()
      |                                                                                   ^
../Middlewares/Third_Party/FreeRTOS/Source/portable/RVDS/ARM_CM4F\portmacro.h(91): note: expanded from macro 'portYIELD'
   91 |         __isb( portSY_FULL_READ_WRITE );                                                                                        \
      |         ^
../Middlewares/Third_Party/FreeRTOS/Source/CMSIS_RTOS_V2/cmsis_os2.c(1170): error: call to undeclared function '__dsb'; ISO C99 and later do not support implicit function declarations [-Wimplicit-function-declaration]
 1170 |       portYIELD_FROM_ISR (yield);
      |       ^
../Middlewares/Third_Party/FreeRTOS/Source/portable/RVDS/ARM_CM4F\portmacro.h(98): note: expanded from macro 'portYIELD_FROM_ISR'
   98 | #define portYIELD_FROM_ISR( x ) portEND_SWITCHING_ISR( x )
      |                                 ^
../Middlewares/Third_Party/FreeRTOS/Source/portable/RVDS/ARM_CM4F\portmacro.h(97): note: expanded from macro 'portEND_SWITCHING_ISR'
   97 | #define portEND_SWITCHING_ISR( xSwitchRequired ) if( xSwitchRequired != pdFALSE ) portYIELD()
      |                                                                                   ^
../Middlewares/Third_Party/FreeRTOS/Source/portable/RVDS/ARM_CM4F\portmacro.h(90): note: expanded from macro 'portYIELD'
   90 |         __dsb( portSY_FULL_READ_WRITE );                                                                                        \
      |         ^
../Middlewares/Third_Party/FreeRTOS/Source/CMSIS_RTOS_V2/cmsis_os2.c(1170): error: call to undeclared function '__isb'; ISO C99 and later do not support implicit function declarations [-Wimplicit-function-declaration]
../Middlewares/Third_Party/FreeRTOS/Source/portable/RVDS/ARM_CM4F\portmacro.h(98): note: expanded from macro 'portYIELD_FROM_ISR'
   98 | #define portYIELD_FROM_ISR( x ) portEND_SWITCHING_ISR( x )
      |                                 ^
../Middlewares/Third_Party/FreeRTOS/Source/portable/RVDS/ARM_CM4F\portmacro.h(97): note: expanded from macro 'portEND_SWITCHING_ISR'
   97 | #define portEND_SWITCHING_ISR( xSwitchRequired ) if( xSwitchRequired != pdFALSE ) portYIELD()
      |                                                                                   ^
../Middlewares/Third_Party/FreeRTOS/Source/portable/RVDS/ARM_CM4F\portmacro.h(91): note: expanded from macro 'portYIELD'
   91 |         __isb( portSY_FULL_READ_WRITE );                                                                                        \
      |         ^
../Middlewares/Third_Party/FreeRTOS/Source/CMSIS_RTOS_V2/cmsis_os2.c(1604): error: call to undeclared function '__dsb'; ISO C99 and later do not support implicit function declarations [-Wimplicit-function-declaration]
 1604 |         portYIELD_FROM_ISR (yield);
      |         ^
../Middlewares/Third_Party/FreeRTOS/Source/portable/RVDS/ARM_CM4F\portmacro.h(98): note: expanded from macro 'portYIELD_FROM_ISR'
   98 | #define portYIELD_FROM_ISR( x ) portEND_SWITCHING_ISR( x )
      |                                 ^
../Middlewares/Third_Party/FreeRTOS/Source/portable/RVDS/ARM_CM4F\portmacro.h(97): note: expanded from macro 'portEND_SWITCHING_ISR'
   97 | #define portEND_SWITCHING_ISR( xSwitchRequired ) if( xSwitchRequired != pdFALSE ) portYIELD()
      |                                                                                   ^
../Middlewares/Third_Party/FreeRTOS/Source/portable/RVDS/ARM_CM4F\portmacro.h(90): note: expanded from macro 'portYIELD'
   90 |         __dsb( portSY_FULL_READ_WRITE );                                                                                        \
      |         ^
../Middlewares/Third_Party/FreeRTOS/Source/CMSIS_RTOS_V2/cmsis_os2.c(1604): error: call to undeclared function '__isb'; ISO C99 and later do not support implicit function declarations [-Wimplicit-function-declaration]
../Middlewares/Third_Party/FreeRTOS/Source/portable/RVDS/ARM_CM4F\portmacro.h(98): note: expanded from macro 'portYIELD_FROM_ISR'
   98 | #define portYIELD_FROM_ISR( x ) portEND_SWITCHING_ISR( x )
      |                                 ^
../Middlewares/Third_Party/FreeRTOS/Source/portable/RVDS/ARM_CM4F\portmacro.h(97): note: expanded from macro 'portEND_SWITCHING_ISR'
   97 | #define portEND_SWITCHING_ISR( xSwitchRequired ) if( xSwitchRequired != pdFALSE ) portYIELD()
      |                                                                                   ^
../Middlewares/Third_Party/FreeRTOS/Source/portable/RVDS/ARM_CM4F\portmacro.h(91): note: expanded from macro 'portYIELD'
   91 |         __isb( portSY_FULL_READ_WRITE );                                                                                        \
      |         ^
../Middlewares/Third_Party/FreeRTOS/Source/CMSIS_RTOS_V2/cmsis_os2.c(1637): error: call to undeclared function '__dsb'; ISO C99 and later do not support implicit function declarations [-Wimplicit-function-declaration]
 1637 |       portYIELD_FROM_ISR (yield);
      |       ^
../Middlewares/Third_Party/FreeRTOS/Source/portable/RVDS/ARM_CM4F\portmacro.h(98): note: expanded from macro 'portYIELD_FROM_ISR'
   98 | #define portYIELD_FROM_ISR( x ) portEND_SWITCHING_ISR( x )
      |                                 ^
../Middlewares/Third_Party/FreeRTOS/Source/portable/RVDS/ARM_CM4F\portmacro.h(97): note: expanded from macro 'portEND_SWITCHING_ISR'
   97 | #define portEND_SWITCHING_ISR( xSwitchRequired ) if( xSwitchRequired != pdFALSE ) portYIELD()
      |                                                                                   ^
../Middlewares/Third_Party/FreeRTOS/Source/portable/RVDS/ARM_CM4F\portmacro.h(90): note: expanded from macro 'portYIELD'
   90 |         __dsb( portSY_FULL_READ_WRITE );                                                                                        \
      |         ^
fatal error: too many errors emitted, stopping now [-ferror-limit=]
20 errors generated.
compiling cmsis_os2.c...
"stm32F407_study\stm32F407_study.axf" - 169 Error(s), 0 Warning(s).
Target not created.
Build Time Elapsed:  00:00:03
